{"name": "test_OrangeHRM_Login_params_004[get_data_for_login3]", "status": "failed", "statusDetails": {"message": "AssertionError: assert False", "trace": "self = <testCases.test_OrangeHRM_Login_params_002.Test_OrangeHRM_Login_001 object at 0x000001FE57729A90>\nget_data_for_login = ('Admin1', 'admin1231', 'Login Fail1')\n\n    def test_OrangeHRM_Login_params_004(self, get_data_for_login):\n        self.log.info(\"test_OrangeHRM_Login_004 is started\")\n        username = get_data_for_login[0]\n        password = get_data_for_login[1]\n        expected_result = get_data_for_login[2]\n        self.log.info(\"Opening url \" + self.login_url)\n        self.lp = Login_Page_Class(self.driver)\n        self.log.info(\"Entering username\")\n        self.lp.enter_username(username)\n        self.log.info(\"Entering password\")\n        self.lp.enter_password(password)\n        self.log.info(\"Clicking login button\")\n        self.lp.click_login_button()\n        self.log.info(\"Verifying login\")\n        if self.lp.verify_login() == \"login pass\":\n            self.log.info(\"Login passed\")\n            self.log.info(\"Taking screenshot\")\n            self.driver.save_screenshot(\".\\\\Screenshots\\\\test_OrangeHRM_Login_pass.png\")\n            self.log.info(\"Clicking menu button\")\n            self.lp.click_menu_button()\n            self.log.info(\"Clicking logout button\")\n            self.lp.click_logout_button()\n            Actual_result = \"Login Pass\"\n        else:\n            self.log.info(\"Login failed\")\n            self.log.info(\"Taking screenshot\")\n            self.driver.save_screenshot(\".\\\\Screenshots\\\\test_OrangeHRM_Login_fail.png\")\n            Actual_result = \"Login Fail\"\n    \n        if Actual_result == expected_result:\n            self.log.info(\"test_OrangeHRM_Login_004 is passed\")\n            assert True\n        else:\n            self.log.info(\"test_OrangeHRM_Login_004 is failed\")\n>           assert False\nE           assert False\n\ntestCases\\test_OrangeHRM_Login_params_002.py:52: AssertionError"}, "attachments": [{"name": "log", "source": "335dce40-137e-4940-8e63-a258a4c8216e-attachment.txt", "type": "text/plain"}], "parameters": [{"name": "get_data_for_login", "value": "('Admin1', 'admin1231', 'Login Fail1')"}], "start": 1750472311345, "stop": 1750472323742, "uuid": "1ef90d11-1c5a-42eb-b937-492e56ab8c1f", "historyId": "f6bf06623db591a15c76bbb815da7b40", "testCaseId": "67f7a42229387aaff5473cb7e6e14fa4", "fullName": "testCases.test_OrangeHRM_Login_params_002.Test_OrangeHRM_Login_001#test_OrangeHRM_Login_params_004", "labels": [{"name": "parentSuite", "value": "testCases"}, {"name": "suite", "value": "test_OrangeHRM_Login_params_002"}, {"name": "subSuite", "value": "Test_OrangeHRM_Login_001"}, {"name": "host", "value": "Credence-Pc"}, {"name": "thread", "value": "2712-MainThread"}, {"name": "framework", "value": "pytest"}, {"name": "language", "value": "cpython3"}, {"name": "package", "value": "testCases.test_OrangeHRM_Login_params_002"}]}